{"name":"As a user I want to add teo positive numbers","testSteps":[{"number":1,"description":"Given Calculator page is opened","duration":933,"startTime":1472910822979,"result":"SUCCESS","children":[{"number":2,"description":"Start calc","duration":23,"startTime":1472910823883,"result":"SUCCESS"}]},{"number":3,"description":"When I add ｟2｠ and ｟3｠","duration":10109,"startTime":1472910823918,"exception":{"errorType":"org.openqa.selenium.NoSuchElementException","message":"Timed out after 2 seconds. Element not found\nFor documentation on this error, please visit: http://seleniumhq.org/exceptions/no_such_element.html\nBuild info: version: \u00272.53.0\u0027, revision: \u002735ae25b1534ae328c771e0856c93e187490ca824\u0027, time: \u00272016-03-15 10:43:46\u0027\nSystem info: host: \u0027arhanechka\u0027, ip: \u0027192.168.1.100\u0027, os.name: \u0027Windows 10\u0027, os.arch: \u0027amd64\u0027, os.version: \u002710.0\u0027, java.version: \u00271.8.0_74\u0027\nDriver info: driver.version: unknown","stackTrace":[{"declaringClass":"org.oa.calc.pages.AdditionPage","methodName":"adding","fileName":"AdditionPage.java","lineNumber":27},{"declaringClass":"org.oa.calc.definitions.AdditionDefSteps","methodName":"adding","fileName":"AdditionDefSteps.java","lineNumber":30}],"COLLAPSE_NEW_LINE_HINTS":["AssertionError","Expected","Expecting","ComparisonFailure"]},"result":"ERROR","children":[{"number":4,"description":"Adding: 2, 3","duration":2030,"startTime":1472910831984,"screenshots":[{"screenshot":"0030fec8e8ec554c3fbc1060a7ab8cb3.png"},{"screenshot":"0030fec8e8ec554c3fbc1060a7ab8cb3.png","htmlSource":"pagesource6309479859449349628.html.txt"}],"exception":{"errorType":"org.openqa.selenium.NoSuchElementException","message":"Timed out after 2 seconds. Element not found\nFor documentation on this error, please visit: http://seleniumhq.org/exceptions/no_such_element.html\nBuild info: version: \u00272.53.0\u0027, revision: \u002735ae25b1534ae328c771e0856c93e187490ca824\u0027, time: \u00272016-03-15 10:43:46\u0027\nSystem info: host: \u0027arhanechka\u0027, ip: \u0027192.168.1.100\u0027, os.name: \u0027Windows 10\u0027, os.arch: \u0027amd64\u0027, os.version: \u002710.0\u0027, java.version: \u00271.8.0_74\u0027\nDriver info: driver.version: unknown","stackTrace":[{"declaringClass":"org.oa.calc.pages.AdditionPage","methodName":"adding","fileName":"AdditionPage.java","lineNumber":27},{"declaringClass":"org.oa.calc.definitions.AdditionDefSteps","methodName":"adding","fileName":"AdditionDefSteps.java","lineNumber":30}],"COLLAPSE_NEW_LINE_HINTS":["AssertionError","Expected","Expecting","ComparisonFailure"]},"result":"ERROR"}]},{"number":5,"description":"Then The result is {5}","duration":3,"startTime":1472910834053,"result":"SKIPPED"}],"userStory":{"id":"addition","storyName":"Addition","path":"stories/addition.story","narrative":"","type":"story"},"title":"As a user I want to add teo positive numbers","tags":[{"name":"Addition","type":"story"}],"startTime":1472910822450,"duration":11613,"testFailureCause":{"errorType":"org.openqa.selenium.NoSuchElementException","message":"Timed out after 2 seconds. Element not found\nFor documentation on this error, please visit: http://seleniumhq.org/exceptions/no_such_element.html\nBuild info: version: \u00272.53.0\u0027, revision: \u002735ae25b1534ae328c771e0856c93e187490ca824\u0027, time: \u00272016-03-15 10:43:46\u0027\nSystem info: host: \u0027arhanechka\u0027, ip: \u0027192.168.1.100\u0027, os.name: \u0027Windows 10\u0027, os.arch: \u0027amd64\u0027, os.version: \u002710.0\u0027, java.version: \u00271.8.0_74\u0027\nDriver info: driver.version: unknown","stackTrace":[{"declaringClass":"org.oa.calc.pages.AdditionPage","methodName":"adding","fileName":"AdditionPage.java","lineNumber":27},{"declaringClass":"org.oa.calc.definitions.AdditionDefSteps","methodName":"adding","fileName":"AdditionDefSteps.java","lineNumber":30}],"COLLAPSE_NEW_LINE_HINTS":["AssertionError","Expected","Expecting","ComparisonFailure"]},"testFailureClassname":"java.lang.AssertionError","testFailureMessage":"Timed out after 2 seconds. Element not found\nFor documentation on this error, please visit: http://seleniumhq.org/exceptions/no_such_element.html\nBuild info: version: \u00272.53.0\u0027, revision: \u002735ae25b1534ae328c771e0856c93e187490ca824\u0027, time: \u00272016-03-15 10:43:46\u0027\nSystem info: host: \u0027arhanechka\u0027, ip: \u0027192.168.1.100\u0027, os.name: \u0027Windows 10\u0027, os.arch: \u0027amd64\u0027, os.version: \u002710.0\u0027, java.version: \u00271.8.0_74\u0027\nDriver info: driver.version: unknown\r\nTimed out after 2 seconds. Element not found\nFor documentation on this error, please visit: http://seleniumhq.org/exceptions/no_such_element.html\nBuild info: version: \u00272.53.0\u0027, revision: \u002735ae25b1534ae328c771e0856c93e187490ca824\u0027, time: \u00272016-03-15 10:43:46\u0027\nSystem info: host: \u0027arhanechka\u0027, ip: \u0027192.168.1.100\u0027, os.name: \u0027Windows 10\u0027, os.arch: \u0027amd64\u0027, os.version: \u002710.0\u0027, java.version: \u00271.8.0_74\u0027\nDriver info: driver.version: unknown","annotatedResult":"ERROR","sessionId":"9e1eb75eed869e156bd22b04700c0fa2","driver":"chrome","manual":false,"result":"ERROR"}